<?xml version="1.0" encoding="UTF-8"?>
<!-- Generated by org.testng.reporters.JUnitXMLReporter -->
<testsuite hostname="PINKYPRIYA" ignored="0" name="ieTest(failed)(failed)" tests="1" failures="1" timestamp="08 Nov 2020 13:53:00 GMT" time="39.459" errors="0">
  <testcase name="test" time="39.149" classname="org.tasktestng.FlipParallel">
    <failure type="java.lang.NullPointerException">
      <![CDATA[java.lang.NullPointerException
	at org.utility.BaseClass.launchUrl(BaseClass.java:32)
	at org.tasktestng.FlipParallel.test(FlipParallel.java:40)
	at java.util.concurrent.FutureTask.run(FutureTask.java:266)
	at java.util.concurrent.ThreadPoolExecutor.runWorker(ThreadPoolExecutor.java:1142)
	at java.util.concurrent.ThreadPoolExecutor$Worker.run(ThreadPoolExecutor.java:617)
	at java.lang.Thread.run(Thread.java:745)
... Removed 16 stack frames]]>
    </failure>
  </testcase> <!-- test -->
</testsuite> <!-- ieTest(failed)(failed) -->
