<?xml version="1.0" encoding="UTF-8"?>
<!-- Generated by org.testng.reporters.JUnitXMLReporter -->
<testsuite hostname="PINKYPRIYA" ignored="6" name="Test" tests="1" failures="0" timestamp="04 Jan 2021 15:35:56 GMT" time="0.075" errors="0">
  <testcase name="test11" time="0.031" classname="org.testng.First"/>
  <testcase name="test9" time="0.0" classname="org.testng.First">
    <ignored/>
  </testcase> <!-- test9 -->
  <testcase name="test7" time="0.0" classname="org.testng.First">
    <ignored/>
  </testcase> <!-- test7 -->
  <testcase name="test8" time="0.0" classname="org.testng.First">
    <ignored/>
  </testcase> <!-- test8 -->
  <testcase name="test5" time="0.0" classname="org.testng.First">
    <ignored/>
  </testcase> <!-- test5 -->
  <testcase name="test4" time="0.0" classname="org.testng.First">
    <ignored/>
  </testcase> <!-- test4 -->
  <testcase name="test1" time="0.0" classname="org.testng.First">
    <ignored/>
  </testcase> <!-- test1 -->
</testsuite> <!-- Test -->
