<?xml version="1.0" encoding="UTF-8"?>
<!-- Generated by org.testng.reporters.JUnitXMLReporter -->
<testsuite hostname="PINKYPRIYA" ignored="0" name="Test" tests="5" failures="1" timestamp="11 Nov 2020 11:02:48 GMT" time="213.578" errors="0">
  <testcase name="test1" time="81.511" classname="org.datadriven.Demo"/>
  <testcase name="test2" time="53.628" classname="org.datadriven.Demo"/>
  <testcase name="test3" time="30.007" classname="org.datadriven.Demo"/>
  <testcase name="test4" time="47.726" classname="org.datadriven.Demo"/>
  <testcase name="test5" time="0.0" classname="org.datadriven.Demo">
    <failure type="org.testng.TestNGException" message="
Cannot inject @Test annotated Method [test5] with [class java.lang.String].
For more information on native dependency injection please refer to http://testng.org/doc/documentation-main.html#native-dependency-injection">
      <![CDATA[org.testng.TestNGException: 
Cannot inject @Test annotated Method [test5] with [class java.lang.String].
For more information on native dependency injection please refer to http://testng.org/doc/documentation-main.html#native-dependency-injection
... Removed 24 stack frames]]>
    </failure>
  </testcase> <!-- test5 -->
</testsuite> <!-- Test -->
