<?xml version="1.0" encoding="UTF-8"?>
<testng-results skipped="0" failed="0" ignored="6" total="7" passed="1">
  <reporter-output>
  </reporter-output>
  <suite name="Suite" duration-ms="75" started-at="2021-01-04T15:35:56Z" finished-at="2021-01-04T15:35:56Z">
    <groups>
      <group name="smoke">
        <method signature="First.test11()[pri:0, instance:org.testng.First@5e5792a0]" name="test11" class="org.testng.First"/>
      </group> <!-- smoke -->
    </groups>
    <test name="Test" duration-ms="75" started-at="2021-01-04T15:35:56Z" finished-at="2021-01-04T15:35:56Z">
      <class name="org.testng.First">
        <test-method status="PASS" signature="test11()[pri:0, instance:org.testng.First@5e5792a0]" name="test11" duration-ms="31" started-at="2021-01-04T21:05:56Z" finished-at="2021-01-04T21:05:56Z">
          <reporter-output>
          </reporter-output>
        </test-method> <!-- test11 -->
      </class> <!-- org.testng.First -->
    </test> <!-- Test -->
  </suite> <!-- Suite -->
</testng-results>
